#-----------------------------------------------------------
# Vivado v2016.3 (64-bit)
# SW Build 1682563 on Mon Oct 10 19:07:27 MDT 2016
# IP Build 1681267 on Mon Oct 10 21:28:31 MDT 2016
# Start of session at: Wed Oct 03 23:00:50 2018
# Process ID: 10708
# Current directory: C:/Users/klosey/lab_3B/lab_3B.tmp/myip_v1_0_project
# Command line: vivado.exe -gui_launcher_event rodinguilauncherevent12484 C:\Users\klosey\lab_3B\lab_3B.tmp\myip_v1_0_project\myip_v1_0_project.xpr
# Log file: C:/Users/klosey/lab_3B/lab_3B.tmp/myip_v1_0_project/vivado.log
# Journal file: C:/Users/klosey/lab_3B/lab_3B.tmp/myip_v1_0_project\vivado.jou
#-----------------------------------------------------------
start_gui
open_project C:/Users/klosey/lab_3B/lab_3B.tmp/myip_v1_0_project/myip_v1_0_project.xpr
Scanning sources...
Finished scanning sources
WARNING: [filemgmt 56-3] IP Output Repository Path: Could not find the directory 'C:/Users/klosey/lab_3B/lab_3B.tmp/myip_v1_0_project/myip_v1_0_project.cache/ip'.
INFO: [IP_Flow 19-234] Refreshing IP repositories
INFO: [IP_Flow 19-1700] Loaded user IP repository 'c:/Users/klosey/ip_repo/myip_1.0'.
INFO: [IP_Flow 19-2313] Loaded Vivado IP repository 'C:/Xilinx/Vivado/2016.3/data/ip'.
open_project: Time (s): cpu = 00:00:13 ; elapsed = 00:00:09 . Memory (MB): peak = 783.809 ; gain = 143.234
exit
INFO: [Common 17-206] Exiting Vivado at Wed Oct 03 23:01:55 2018...
