
*** Running vivado
    with args -log design_1_axi_tft_0_0.vds -m64 -product Vivado -mode batch -messageDb vivado.pb -notrace -source design_1_axi_tft_0_0.tcl


****** Vivado v2016.3 (64-bit)
  **** SW Build 1682563 on Mon Oct 10 19:07:27 MDT 2016
  **** IP Build 1681267 on Mon Oct 10 21:28:31 MDT 2016
    ** Copyright 1986-2016 Xilinx, Inc. All Rights Reserved.

source design_1_axi_tft_0_0.tcl -notrace
Starting RTL Elaboration : Time (s): cpu = 00:00:21 ; elapsed = 00:00:33 . Memory (MB): peak = 302.168 ; gain = 92.453
INFO: [Synth 8-638] synthesizing module 'design_1_axi_tft_0_0' [c:/Users/klosey/lab_3B/lab_3B.srcs/sources_1/bd/design_1/ip/design_1_axi_tft_0_0_1/synth/design_1_axi_tft_0_0.vhd:125]
INFO: [Synth 8-638] synthesizing module 'axi_tft' [c:/Users/klosey/lab_3B/lab_3B.srcs/sources_1/bd/design_1/ipshared/1b8b/hdl/axi_tft_v2_0_rfs.vhd:418]
INFO: [Synth 8-638] synthesizing module 'axi_lite_ipif' [c:/Users/klosey/lab_3B/lab_3B.srcs/sources_1/bd/design_1/ipshared/0ba0/hdl/axi_lite_ipif_v3_0_vh_rfs.vhd:2948]
INFO: [Synth 8-638] synthesizing module 'slave_attachment' [c:/Users/klosey/lab_3B/lab_3B.srcs/sources_1/bd/design_1/ipshared/0ba0/hdl/axi_lite_ipif_v3_0_vh_rfs.vhd:2341]
INFO: [Synth 8-638] synthesizing module 'address_decoder' [c:/Users/klosey/lab_3B/lab_3B.srcs/sources_1/bd/design_1/ipshared/0ba0/hdl/axi_lite_ipif_v3_0_vh_rfs.vhd:1775]
INFO: [Synth 8-638] synthesizing module 'pselect_f' [c:/Users/klosey/lab_3B/lab_3B.srcs/sources_1/bd/design_1/ipshared/0ba0/hdl/axi_lite_ipif_v3_0_vh_rfs.vhd:1534]
INFO: [Synth 8-256] done synthesizing module 'pselect_f' (1#1) [c:/Users/klosey/lab_3B/lab_3B.srcs/sources_1/bd/design_1/ipshared/0ba0/hdl/axi_lite_ipif_v3_0_vh_rfs.vhd:1534]
INFO: [Synth 8-638] synthesizing module 'pselect_f__parameterized0' [c:/Users/klosey/lab_3B/lab_3B.srcs/sources_1/bd/design_1/ipshared/0ba0/hdl/axi_lite_ipif_v3_0_vh_rfs.vhd:1534]
INFO: [Synth 8-256] done synthesizing module 'pselect_f__parameterized0' (1#1) [c:/Users/klosey/lab_3B/lab_3B.srcs/sources_1/bd/design_1/ipshared/0ba0/hdl/axi_lite_ipif_v3_0_vh_rfs.vhd:1534]
INFO: [Synth 8-638] synthesizing module 'pselect_f__parameterized1' [c:/Users/klosey/lab_3B/lab_3B.srcs/sources_1/bd/design_1/ipshared/0ba0/hdl/axi_lite_ipif_v3_0_vh_rfs.vhd:1534]
INFO: [Synth 8-256] done synthesizing module 'pselect_f__parameterized1' (1#1) [c:/Users/klosey/lab_3B/lab_3B.srcs/sources_1/bd/design_1/ipshared/0ba0/hdl/axi_lite_ipif_v3_0_vh_rfs.vhd:1534]
INFO: [Synth 8-638] synthesizing module 'pselect_f__parameterized2' [c:/Users/klosey/lab_3B/lab_3B.srcs/sources_1/bd/design_1/ipshared/0ba0/hdl/axi_lite_ipif_v3_0_vh_rfs.vhd:1534]
INFO: [Synth 8-256] done synthesizing module 'pselect_f__parameterized2' (1#1) [c:/Users/klosey/lab_3B/lab_3B.srcs/sources_1/bd/design_1/ipshared/0ba0/hdl/axi_lite_ipif_v3_0_vh_rfs.vhd:1534]
INFO: [Synth 8-256] done synthesizing module 'address_decoder' (2#1) [c:/Users/klosey/lab_3B/lab_3B.srcs/sources_1/bd/design_1/ipshared/0ba0/hdl/axi_lite_ipif_v3_0_vh_rfs.vhd:1775]
INFO: [Synth 8-256] done synthesizing module 'slave_attachment' (3#1) [c:/Users/klosey/lab_3B/lab_3B.srcs/sources_1/bd/design_1/ipshared/0ba0/hdl/axi_lite_ipif_v3_0_vh_rfs.vhd:2341]
INFO: [Synth 8-256] done synthesizing module 'axi_lite_ipif' (4#1) [c:/Users/klosey/lab_3B/lab_3B.srcs/sources_1/bd/design_1/ipshared/0ba0/hdl/axi_lite_ipif_v3_0_vh_rfs.vhd:2948]
INFO: [Synth 8-638] synthesizing module 'axi_master_burst' [c:/Users/klosey/lab_3B/lab_3B.srcs/sources_1/bd/design_1/ipshared/905f/hdl/axi_master_burst_v2_0_vh_rfs.vhd:18317]
INFO: [Synth 8-638] synthesizing module 'axi_master_burst_reset' [c:/Users/klosey/lab_3B/lab_3B.srcs/sources_1/bd/design_1/ipshared/905f/hdl/axi_master_burst_v2_0_vh_rfs.vhd:14320]
INFO: [Synth 8-256] done synthesizing module 'axi_master_burst_reset' (5#1) [c:/Users/klosey/lab_3B/lab_3B.srcs/sources_1/bd/design_1/ipshared/905f/hdl/axi_master_burst_v2_0_vh_rfs.vhd:14320]
INFO: [Synth 8-638] synthesizing module 'axi_master_burst_cmd_status' [c:/Users/klosey/lab_3B/lab_3B.srcs/sources_1/bd/design_1/ipshared/905f/hdl/axi_master_burst_v2_0_vh_rfs.vhd:17014]
INFO: [Synth 8-638] synthesizing module 'axi_master_burst_first_stb_offset' [c:/Users/klosey/lab_3B/lab_3B.srcs/sources_1/bd/design_1/ipshared/905f/hdl/axi_master_burst_v2_0_vh_rfs.vhd:12489]
INFO: [Synth 8-256] done synthesizing module 'axi_master_burst_first_stb_offset' (6#1) [c:/Users/klosey/lab_3B/lab_3B.srcs/sources_1/bd/design_1/ipshared/905f/hdl/axi_master_burst_v2_0_vh_rfs.vhd:12489]
INFO: [Synth 8-638] synthesizing module 'axi_master_burst_stbs_set' [c:/Users/klosey/lab_3B/lab_3B.srcs/sources_1/bd/design_1/ipshared/905f/hdl/axi_master_burst_v2_0_vh_rfs.vhd:6311]
INFO: [Synth 8-256] done synthesizing module 'axi_master_burst_stbs_set' (7#1) [c:/Users/klosey/lab_3B/lab_3B.srcs/sources_1/bd/design_1/ipshared/905f/hdl/axi_master_burst_v2_0_vh_rfs.vhd:6311]
INFO: [Synth 8-256] done synthesizing module 'axi_master_burst_cmd_status' (8#1) [c:/Users/klosey/lab_3B/lab_3B.srcs/sources_1/bd/design_1/ipshared/905f/hdl/axi_master_burst_v2_0_vh_rfs.vhd:17014]
INFO: [Synth 8-638] synthesizing module 'axi_master_burst_rd_wr_cntlr' [c:/Users/klosey/lab_3B/lab_3B.srcs/sources_1/bd/design_1/ipshared/905f/hdl/axi_master_burst_v2_0_vh_rfs.vhd:14917]
INFO: [Synth 8-638] synthesizing module 'axi_master_burst_pcc' [c:/Users/klosey/lab_3B/lab_3B.srcs/sources_1/bd/design_1/ipshared/905f/hdl/axi_master_burst_v2_0_vh_rfs.vhd:10367]
INFO: [Synth 8-638] synthesizing module 'axi_master_burst_strb_gen' [c:/Users/klosey/lab_3B/lab_3B.srcs/sources_1/bd/design_1/ipshared/905f/hdl/axi_master_burst_v2_0_vh_rfs.vhd:862]
INFO: [Synth 8-256] done synthesizing module 'axi_master_burst_strb_gen' (9#1) [c:/Users/klosey/lab_3B/lab_3B.srcs/sources_1/bd/design_1/ipshared/905f/hdl/axi_master_burst_v2_0_vh_rfs.vhd:862]
INFO: [Synth 8-638] synthesizing module 'axi_master_burst_strb_gen__parameterized0' [c:/Users/klosey/lab_3B/lab_3B.srcs/sources_1/bd/design_1/ipshared/905f/hdl/axi_master_burst_v2_0_vh_rfs.vhd:862]
INFO: [Synth 8-256] done synthesizing module 'axi_master_burst_strb_gen__parameterized0' (9#1) [c:/Users/klosey/lab_3B/lab_3B.srcs/sources_1/bd/design_1/ipshared/905f/hdl/axi_master_burst_v2_0_vh_rfs.vhd:862]
INFO: [Synth 8-256] done synthesizing module 'axi_master_burst_pcc' (10#1) [c:/Users/klosey/lab_3B/lab_3B.srcs/sources_1/bd/design_1/ipshared/905f/hdl/axi_master_burst_v2_0_vh_rfs.vhd:10367]
INFO: [Synth 8-638] synthesizing module 'axi_master_burst_addr_cntl' [c:/Users/klosey/lab_3B/lab_3B.srcs/sources_1/bd/design_1/ipshared/905f/hdl/axi_master_burst_v2_0_vh_rfs.vhd:13242]
INFO: [Synth 8-256] done synthesizing module 'axi_master_burst_addr_cntl' (11#1) [c:/Users/klosey/lab_3B/lab_3B.srcs/sources_1/bd/design_1/ipshared/905f/hdl/axi_master_burst_v2_0_vh_rfs.vhd:13242]
INFO: [Synth 8-638] synthesizing module 'axi_master_burst_rddata_cntl' [c:/Users/klosey/lab_3B/lab_3B.srcs/sources_1/bd/design_1/ipshared/905f/hdl/axi_master_burst_v2_0_vh_rfs.vhd:8711]
INFO: [Synth 8-638] synthesizing module 'axi_master_burst_rdmux' [c:/Users/klosey/lab_3B/lab_3B.srcs/sources_1/bd/design_1/ipshared/905f/hdl/axi_master_burst_v2_0_vh_rfs.vhd:1286]
INFO: [Synth 8-256] done synthesizing module 'axi_master_burst_rdmux' (12#1) [c:/Users/klosey/lab_3B/lab_3B.srcs/sources_1/bd/design_1/ipshared/905f/hdl/axi_master_burst_v2_0_vh_rfs.vhd:1286]
INFO: [Synth 8-256] done synthesizing module 'axi_master_burst_rddata_cntl' (13#1) [c:/Users/klosey/lab_3B/lab_3B.srcs/sources_1/bd/design_1/ipshared/905f/hdl/axi_master_burst_v2_0_vh_rfs.vhd:8711]
INFO: [Synth 8-638] synthesizing module 'axi_master_burst_rd_status_cntl' [c:/Users/klosey/lab_3B/lab_3B.srcs/sources_1/bd/design_1/ipshared/905f/hdl/axi_master_burst_v2_0_vh_rfs.vhd:8106]
INFO: [Synth 8-256] done synthesizing module 'axi_master_burst_rd_status_cntl' (14#1) [c:/Users/klosey/lab_3B/lab_3B.srcs/sources_1/bd/design_1/ipshared/905f/hdl/axi_master_burst_v2_0_vh_rfs.vhd:8106]
INFO: [Synth 8-638] synthesizing module 'axi_master_burst_skid_buf' [c:/Users/klosey/lab_3B/lab_3B.srcs/sources_1/bd/design_1/ipshared/905f/hdl/axi_master_burst_v2_0_vh_rfs.vhd:6878]
INFO: [Synth 8-256] done synthesizing module 'axi_master_burst_skid_buf' (15#1) [c:/Users/klosey/lab_3B/lab_3B.srcs/sources_1/bd/design_1/ipshared/905f/hdl/axi_master_burst_v2_0_vh_rfs.vhd:6878]
INFO: [Synth 8-638] synthesizing module 'axi_master_burst_wrdata_cntl' [c:/Users/klosey/lab_3B/lab_3B.srcs/sources_1/bd/design_1/ipshared/905f/hdl/axi_master_burst_v2_0_vh_rfs.vhd:4464]
INFO: [Synth 8-256] done synthesizing module 'axi_master_burst_wrdata_cntl' (16#1) [c:/Users/klosey/lab_3B/lab_3B.srcs/sources_1/bd/design_1/ipshared/905f/hdl/axi_master_burst_v2_0_vh_rfs.vhd:4464]
INFO: [Synth 8-638] synthesizing module 'axi_master_burst_wr_status_cntl' [c:/Users/klosey/lab_3B/lab_3B.srcs/sources_1/bd/design_1/ipshared/905f/hdl/axi_master_burst_v2_0_vh_rfs.vhd:2919]
INFO: [Synth 8-638] synthesizing module 'axi_master_burst_fifo' [c:/Users/klosey/lab_3B/lab_3B.srcs/sources_1/bd/design_1/ipshared/905f/hdl/axi_master_burst_v2_0_vh_rfs.vhd:2040]
INFO: [Synth 8-638] synthesizing module 'srl_fifo_f' [c:/Users/klosey/lab_3B/lab_3B.srcs/sources_1/bd/design_1/ipshared/6039/hdl/lib_srl_fifo_v1_0_rfs.vhd:1000]
INFO: [Synth 8-638] synthesizing module 'srl_fifo_rbu_f' [c:/Users/klosey/lab_3B/lab_3B.srcs/sources_1/bd/design_1/ipshared/6039/hdl/lib_srl_fifo_v1_0_rfs.vhd:697]
INFO: [Synth 8-638] synthesizing module 'cntr_incr_decr_addn_f' [c:/Users/klosey/lab_3B/lab_3B.srcs/sources_1/bd/design_1/ipshared/6039/hdl/lib_srl_fifo_v1_0_rfs.vhd:143]
INFO: [Synth 8-256] done synthesizing module 'cntr_incr_decr_addn_f' (17#1) [c:/Users/klosey/lab_3B/lab_3B.srcs/sources_1/bd/design_1/ipshared/6039/hdl/lib_srl_fifo_v1_0_rfs.vhd:143]
INFO: [Synth 8-638] synthesizing module 'dynshreg_f' [c:/Users/klosey/lab_3B/lab_3B.srcs/sources_1/bd/design_1/ipshared/6039/hdl/lib_srl_fifo_v1_0_rfs.vhd:397]
INFO: [Synth 8-256] done synthesizing module 'dynshreg_f' (18#1) [c:/Users/klosey/lab_3B/lab_3B.srcs/sources_1/bd/design_1/ipshared/6039/hdl/lib_srl_fifo_v1_0_rfs.vhd:397]
INFO: [Synth 8-256] done synthesizing module 'srl_fifo_rbu_f' (19#1) [c:/Users/klosey/lab_3B/lab_3B.srcs/sources_1/bd/design_1/ipshared/6039/hdl/lib_srl_fifo_v1_0_rfs.vhd:697]
INFO: [Synth 8-256] done synthesizing module 'srl_fifo_f' (20#1) [c:/Users/klosey/lab_3B/lab_3B.srcs/sources_1/bd/design_1/ipshared/6039/hdl/lib_srl_fifo_v1_0_rfs.vhd:1000]
INFO: [Synth 8-256] done synthesizing module 'axi_master_burst_fifo' (21#1) [c:/Users/klosey/lab_3B/lab_3B.srcs/sources_1/bd/design_1/ipshared/905f/hdl/axi_master_burst_v2_0_vh_rfs.vhd:2040]
INFO: [Synth 8-638] synthesizing module 'axi_master_burst_fifo__parameterized0' [c:/Users/klosey/lab_3B/lab_3B.srcs/sources_1/bd/design_1/ipshared/905f/hdl/axi_master_burst_v2_0_vh_rfs.vhd:2040]
INFO: [Synth 8-638] synthesizing module 'srl_fifo_f__parameterized0' [c:/Users/klosey/lab_3B/lab_3B.srcs/sources_1/bd/design_1/ipshared/6039/hdl/lib_srl_fifo_v1_0_rfs.vhd:1000]
INFO: [Synth 8-638] synthesizing module 'srl_fifo_rbu_f__parameterized0' [c:/Users/klosey/lab_3B/lab_3B.srcs/sources_1/bd/design_1/ipshared/6039/hdl/lib_srl_fifo_v1_0_rfs.vhd:697]
INFO: [Synth 8-638] synthesizing module 'dynshreg_f__parameterized0' [c:/Users/klosey/lab_3B/lab_3B.srcs/sources_1/bd/design_1/ipshared/6039/hdl/lib_srl_fifo_v1_0_rfs.vhd:397]
INFO: [Synth 8-256] done synthesizing module 'dynshreg_f__parameterized0' (21#1) [c:/Users/klosey/lab_3B/lab_3B.srcs/sources_1/bd/design_1/ipshared/6039/hdl/lib_srl_fifo_v1_0_rfs.vhd:397]
INFO: [Synth 8-256] done synthesizing module 'srl_fifo_rbu_f__parameterized0' (21#1) [c:/Users/klosey/lab_3B/lab_3B.srcs/sources_1/bd/design_1/ipshared/6039/hdl/lib_srl_fifo_v1_0_rfs.vhd:697]
INFO: [Synth 8-256] done synthesizing module 'srl_fifo_f__parameterized0' (21#1) [c:/Users/klosey/lab_3B/lab_3B.srcs/sources_1/bd/design_1/ipshared/6039/hdl/lib_srl_fifo_v1_0_rfs.vhd:1000]
INFO: [Synth 8-256] done synthesizing module 'axi_master_burst_fifo__parameterized0' (21#1) [c:/Users/klosey/lab_3B/lab_3B.srcs/sources_1/bd/design_1/ipshared/905f/hdl/axi_master_burst_v2_0_vh_rfs.vhd:2040]
INFO: [Synth 8-256] done synthesizing module 'axi_master_burst_wr_status_cntl' (22#1) [c:/Users/klosey/lab_3B/lab_3B.srcs/sources_1/bd/design_1/ipshared/905f/hdl/axi_master_burst_v2_0_vh_rfs.vhd:2919]
INFO: [Synth 8-638] synthesizing module 'axi_master_burst_skid2mm_buf' [c:/Users/klosey/lab_3B/lab_3B.srcs/sources_1/bd/design_1/ipshared/905f/hdl/axi_master_burst_v2_0_vh_rfs.vhd:7519]
INFO: [Synth 8-638] synthesizing module 'axi_master_burst_wr_demux' [c:/Users/klosey/lab_3B/lab_3B.srcs/sources_1/bd/design_1/ipshared/905f/hdl/axi_master_burst_v2_0_vh_rfs.vhd:137]
INFO: [Synth 8-256] done synthesizing module 'axi_master_burst_wr_demux' (23#1) [c:/Users/klosey/lab_3B/lab_3B.srcs/sources_1/bd/design_1/ipshared/905f/hdl/axi_master_burst_v2_0_vh_rfs.vhd:137]
INFO: [Synth 8-256] done synthesizing module 'axi_master_burst_skid2mm_buf' (24#1) [c:/Users/klosey/lab_3B/lab_3B.srcs/sources_1/bd/design_1/ipshared/905f/hdl/axi_master_burst_v2_0_vh_rfs.vhd:7519]
INFO: [Synth 8-256] done synthesizing module 'axi_master_burst_rd_wr_cntlr' (25#1) [c:/Users/klosey/lab_3B/lab_3B.srcs/sources_1/bd/design_1/ipshared/905f/hdl/axi_master_burst_v2_0_vh_rfs.vhd:14917]
INFO: [Synth 8-638] synthesizing module 'axi_master_burst_rd_llink' [c:/Users/klosey/lab_3B/lab_3B.srcs/sources_1/bd/design_1/ipshared/905f/hdl/axi_master_burst_v2_0_vh_rfs.vhd:16423]
INFO: [Synth 8-256] done synthesizing module 'axi_master_burst_rd_llink' (26#1) [c:/Users/klosey/lab_3B/lab_3B.srcs/sources_1/bd/design_1/ipshared/905f/hdl/axi_master_burst_v2_0_vh_rfs.vhd:16423]
INFO: [Synth 8-638] synthesizing module 'axi_master_burst_wr_llink' [c:/Users/klosey/lab_3B/lab_3B.srcs/sources_1/bd/design_1/ipshared/905f/hdl/axi_master_burst_v2_0_vh_rfs.vhd:13875]
INFO: [Synth 8-256] done synthesizing module 'axi_master_burst_wr_llink' (27#1) [c:/Users/klosey/lab_3B/lab_3B.srcs/sources_1/bd/design_1/ipshared/905f/hdl/axi_master_burst_v2_0_vh_rfs.vhd:13875]
INFO: [Synth 8-256] done synthesizing module 'axi_master_burst' (28#1) [c:/Users/klosey/lab_3B/lab_3B.srcs/sources_1/bd/design_1/ipshared/905f/hdl/axi_master_burst_v2_0_vh_rfs.vhd:18317]
INFO: [Synth 8-638] synthesizing module 'axi_tft_v2_0_14_tft_controller' [c:/Users/klosey/lab_3B/lab_3B.srcs/sources_1/bd/design_1/ipshared/1b8b/hdl/axi_tft_v2_0_rfs.v:2836]
INFO: [Synth 8-638] synthesizing module 'cdc_sync' [c:/Users/klosey/lab_3B/lab_3B.srcs/sources_1/bd/design_1/ipshared/52cb/hdl/lib_cdc_v1_0_rfs.vhd:106]
INFO: [Synth 8-256] done synthesizing module 'cdc_sync' (29#1) [c:/Users/klosey/lab_3B/lab_3B.srcs/sources_1/bd/design_1/ipshared/52cb/hdl/lib_cdc_v1_0_rfs.vhd:106]
INFO: [Synth 8-638] synthesizing module 'FDR' [C:/Xilinx/Vivado/2016.3/scripts/rt/data/unisim_comp.v:3951]
INFO: [Synth 8-256] done synthesizing module 'FDR' (30#1) [C:/Xilinx/Vivado/2016.3/scripts/rt/data/unisim_comp.v:3951]
INFO: [Synth 8-638] synthesizing module 'cdc_sync__parameterized0' [c:/Users/klosey/lab_3B/lab_3B.srcs/sources_1/bd/design_1/ipshared/52cb/hdl/lib_cdc_v1_0_rfs.vhd:106]
INFO: [Synth 8-256] done synthesizing module 'cdc_sync__parameterized0' (30#1) [c:/Users/klosey/lab_3B/lab_3B.srcs/sources_1/bd/design_1/ipshared/52cb/hdl/lib_cdc_v1_0_rfs.vhd:106]
INFO: [Synth 8-638] synthesizing module 'cdc_sync__parameterized1' [c:/Users/klosey/lab_3B/lab_3B.srcs/sources_1/bd/design_1/ipshared/52cb/hdl/lib_cdc_v1_0_rfs.vhd:106]
INFO: [Synth 8-256] done synthesizing module 'cdc_sync__parameterized1' (30#1) [c:/Users/klosey/lab_3B/lab_3B.srcs/sources_1/bd/design_1/ipshared/52cb/hdl/lib_cdc_v1_0_rfs.vhd:106]
INFO: [Synth 8-638] synthesizing module 'cdc_sync__parameterized2' [c:/Users/klosey/lab_3B/lab_3B.srcs/sources_1/bd/design_1/ipshared/52cb/hdl/lib_cdc_v1_0_rfs.vhd:106]
INFO: [Synth 8-256] done synthesizing module 'cdc_sync__parameterized2' (30#1) [c:/Users/klosey/lab_3B/lab_3B.srcs/sources_1/bd/design_1/ipshared/52cb/hdl/lib_cdc_v1_0_rfs.vhd:106]
INFO: [Synth 8-638] synthesizing module 'cdc_sync__parameterized3' [c:/Users/klosey/lab_3B/lab_3B.srcs/sources_1/bd/design_1/ipshared/52cb/hdl/lib_cdc_v1_0_rfs.vhd:106]
INFO: [Synth 8-256] done synthesizing module 'cdc_sync__parameterized3' (30#1) [c:/Users/klosey/lab_3B/lab_3B.srcs/sources_1/bd/design_1/ipshared/52cb/hdl/lib_cdc_v1_0_rfs.vhd:106]
INFO: [Synth 8-638] synthesizing module 'cdc_sync__parameterized4' [c:/Users/klosey/lab_3B/lab_3B.srcs/sources_1/bd/design_1/ipshared/52cb/hdl/lib_cdc_v1_0_rfs.vhd:106]
INFO: [Synth 8-256] done synthesizing module 'cdc_sync__parameterized4' (30#1) [c:/Users/klosey/lab_3B/lab_3B.srcs/sources_1/bd/design_1/ipshared/52cb/hdl/lib_cdc_v1_0_rfs.vhd:106]
INFO: [Synth 8-638] synthesizing module 'cdc_sync__parameterized5' [c:/Users/klosey/lab_3B/lab_3B.srcs/sources_1/bd/design_1/ipshared/52cb/hdl/lib_cdc_v1_0_rfs.vhd:106]
INFO: [Synth 8-256] done synthesizing module 'cdc_sync__parameterized5' (30#1) [c:/Users/klosey/lab_3B/lab_3B.srcs/sources_1/bd/design_1/ipshared/52cb/hdl/lib_cdc_v1_0_rfs.vhd:106]
INFO: [Synth 8-638] synthesizing module 'cdc_sync__parameterized6' [c:/Users/klosey/lab_3B/lab_3B.srcs/sources_1/bd/design_1/ipshared/52cb/hdl/lib_cdc_v1_0_rfs.vhd:106]
INFO: [Synth 8-256] done synthesizing module 'cdc_sync__parameterized6' (30#1) [c:/Users/klosey/lab_3B/lab_3B.srcs/sources_1/bd/design_1/ipshared/52cb/hdl/lib_cdc_v1_0_rfs.vhd:106]
INFO: [Synth 8-638] synthesizing module 'axi_tft_v2_0_14_slave_register' [c:/Users/klosey/lab_3B/lab_3B.srcs/sources_1/bd/design_1/ipshared/1b8b/hdl/axi_tft_v2_0_rfs.v:1519]
INFO: [Synth 8-256] done synthesizing module 'axi_tft_v2_0_14_slave_register' (31#1) [c:/Users/klosey/lab_3B/lab_3B.srcs/sources_1/bd/design_1/ipshared/1b8b/hdl/axi_tft_v2_0_rfs.v:1519]
INFO: [Synth 8-638] synthesizing module 'axi_tft_v2_0_14_line_buffer' [c:/Users/klosey/lab_3B/lab_3B.srcs/sources_1/bd/design_1/ipshared/1b8b/hdl/axi_tft_v2_0_rfs.v:2114]
INFO: [Synth 8-638] synthesizing module 'async_fifo_fg' [c:/Users/klosey/lab_3B/lab_3B.srcs/sources_1/bd/design_1/ipshared/61a7/hdl/lib_fifo_v1_0_rfs.vhd:253]
INFO: [Synth 8-256] done synthesizing module 'async_fifo_fg' (62#1) [c:/Users/klosey/lab_3B/lab_3B.srcs/sources_1/bd/design_1/ipshared/61a7/hdl/lib_fifo_v1_0_rfs.vhd:253]
INFO: [Synth 8-256] done synthesizing module 'axi_tft_v2_0_14_line_buffer' (63#1) [c:/Users/klosey/lab_3B/lab_3B.srcs/sources_1/bd/design_1/ipshared/1b8b/hdl/axi_tft_v2_0_rfs.v:2114]
INFO: [Synth 8-638] synthesizing module 'axi_tft_v2_0_14_h_sync' [c:/Users/klosey/lab_3B/lab_3B.srcs/sources_1/bd/design_1/ipshared/1b8b/hdl/axi_tft_v2_0_rfs.v:2426]
INFO: [Synth 8-256] done synthesizing module 'axi_tft_v2_0_14_h_sync' (64#1) [c:/Users/klosey/lab_3B/lab_3B.srcs/sources_1/bd/design_1/ipshared/1b8b/hdl/axi_tft_v2_0_rfs.v:2426]
INFO: [Synth 8-638] synthesizing module 'axi_tft_v2_0_14_v_sync' [c:/Users/klosey/lab_3B/lab_3B.srcs/sources_1/bd/design_1/ipshared/1b8b/hdl/axi_tft_v2_0_rfs.v:515]
INFO: [Synth 8-256] done synthesizing module 'axi_tft_v2_0_14_v_sync' (65#1) [c:/Users/klosey/lab_3B/lab_3B.srcs/sources_1/bd/design_1/ipshared/1b8b/hdl/axi_tft_v2_0_rfs.v:515]
INFO: [Synth 8-638] synthesizing module 'axi_tft_v2_0_14_tft_interface' [c:/Users/klosey/lab_3B/lab_3B.srcs/sources_1/bd/design_1/ipshared/1b8b/hdl/axi_tft_v2_0_rfs.v:918]
INFO: [Synth 8-638] synthesizing module 'ODDR' [C:/Xilinx/Vivado/2016.3/scripts/rt/data/unisim_comp.v:25305]
INFO: [Synth 8-256] done synthesizing module 'ODDR' (66#1) [C:/Xilinx/Vivado/2016.3/scripts/rt/data/unisim_comp.v:25305]
INFO: [Synth 8-638] synthesizing module 'FDS' [C:/Xilinx/Vivado/2016.3/scripts/rt/data/unisim_comp.v:4087]
INFO: [Synth 8-256] done synthesizing module 'FDS' (67#1) [C:/Xilinx/Vivado/2016.3/scripts/rt/data/unisim_comp.v:4087]
INFO: [Synth 8-256] done synthesizing module 'axi_tft_v2_0_14_tft_interface' (68#1) [c:/Users/klosey/lab_3B/lab_3B.srcs/sources_1/bd/design_1/ipshared/1b8b/hdl/axi_tft_v2_0_rfs.v:918]
INFO: [Synth 8-256] done synthesizing module 'axi_tft_v2_0_14_tft_controller' (69#1) [c:/Users/klosey/lab_3B/lab_3B.srcs/sources_1/bd/design_1/ipshared/1b8b/hdl/axi_tft_v2_0_rfs.v:2836]
INFO: [Synth 8-256] done synthesizing module 'axi_tft' (70#1) [c:/Users/klosey/lab_3B/lab_3B.srcs/sources_1/bd/design_1/ipshared/1b8b/hdl/axi_tft_v2_0_rfs.vhd:418]
INFO: [Synth 8-256] done synthesizing module 'design_1_axi_tft_0_0' (71#1) [c:/Users/klosey/lab_3B/lab_3B.srcs/sources_1/bd/design_1/ip/design_1_axi_tft_0_0_1/synth/design_1_axi_tft_0_0.vhd:125]
Finished RTL Elaboration : Time (s): cpu = 00:02:03 ; elapsed = 00:02:41 . Memory (MB): peak = 536.105 ; gain = 326.391
Finished RTL Optimization Phase 1 : Time (s): cpu = 00:02:04 ; elapsed = 00:02:42 . Memory (MB): peak = 536.105 ; gain = 326.391
INFO: [Device 21-403] Loading part xc7z020clg484-1
Constraint Validation Runtime : Time (s): cpu = 00:00:01 ; elapsed = 00:00:00.111 . Memory (MB): peak = 689.652 ; gain = 0.000
Finished Constraint Validation : Time (s): cpu = 00:02:29 ; elapsed = 00:03:12 . Memory (MB): peak = 689.652 ; gain = 479.938
Finished Loading Part and Timing Information : Time (s): cpu = 00:02:29 ; elapsed = 00:03:12 . Memory (MB): peak = 689.652 ; gain = 479.938
Finished applying 'set_property' XDC Constraints : Time (s): cpu = 00:02:29 ; elapsed = 00:03:12 . Memory (MB): peak = 689.652 ; gain = 479.938
Finished RTL Optimization Phase 2 : Time (s): cpu = 00:02:35 ; elapsed = 00:03:20 . Memory (MB): peak = 689.652 ; gain = 479.938
Finished Cross Boundary and Area Optimization : Time (s): cpu = 00:02:43 ; elapsed = 00:03:36 . Memory (MB): peak = 689.652 ; gain = 479.938
Finished Applying XDC Timing Constraints : Time (s): cpu = 00:03:11 ; elapsed = 00:04:14 . Memory (MB): peak = 689.652 ; gain = 479.938
Finished Timing Optimization : Time (s): cpu = 00:03:14 ; elapsed = 00:04:19 . Memory (MB): peak = 689.652 ; gain = 479.938
Finished Technology Mapping : Time (s): cpu = 00:03:16 ; elapsed = 00:04:21 . Memory (MB): peak = 689.652 ; gain = 479.938
Finished IO Insertion : Time (s): cpu = 00:03:17 ; elapsed = 00:04:22 . Memory (MB): peak = 689.652 ; gain = 479.938
Finished Renaming Generated Instances : Time (s): cpu = 00:03:17 ; elapsed = 00:04:22 . Memory (MB): peak = 689.652 ; gain = 479.938
Finished Rebuilding User Hierarchy : Time (s): cpu = 00:03:18 ; elapsed = 00:04:23 . Memory (MB): peak = 689.652 ; gain = 479.938
Finished Renaming Generated Ports : Time (s): cpu = 00:03:18 ; elapsed = 00:04:23 . Memory (MB): peak = 689.652 ; gain = 479.938
Finished Handling Custom Attributes : Time (s): cpu = 00:03:18 ; elapsed = 00:04:23 . Memory (MB): peak = 689.652 ; gain = 479.938
Finished Renaming Generated Nets : Time (s): cpu = 00:03:18 ; elapsed = 00:04:23 . Memory (MB): peak = 689.652 ; gain = 479.938

Report Cell Usage: 
+------+---------+------+
|      |Cell     |Count |
+------+---------+------+
|1     |CARRY4   |    12|
|2     |LUT1     |    31|
|3     |LUT2     |    97|
|4     |LUT3     |   106|
|5     |LUT4     |    87|
|6     |LUT5     |   129|
|7     |LUT6     |   142|
|8     |MUXCY    |    20|
|9     |MUXF7    |     1|
|10    |ODDR     |     1|
|11    |RAMB18E1 |     1|
|12    |FDCE     |    75|
|13    |FDPE     |    21|
|14    |FDR      |   124|
|15    |FDRE     |   755|
|16    |FDS      |     2|
|17    |FDSE     |    31|
+------+---------+------+
Finished Writing Synthesis Report : Time (s): cpu = 00:03:18 ; elapsed = 00:04:23 . Memory (MB): peak = 689.652 ; gain = 479.938
get_clocks: Time (s): cpu = 00:00:06 ; elapsed = 00:00:07 . Memory (MB): peak = 1110.559 ; gain = 420.906
synth_design: Time (s): cpu = 00:03:20 ; elapsed = 00:04:19 . Memory (MB): peak = 1110.641 ; gain = 892.383
